<?xml version="1.0" encoding="UTF-8"?>
<!-- Generated by org.testng.reporters.JUnitReportReporter -->
<testsuite hostname="Ganesh" failures="0" tests="1" name="com.mystore.testcases.AddToCartTest" time="13.359" errors="0" timestamp="2024-05-09T13:44:34 IST" skipped="0">
  <testcase classname="com.mystore.testcases.AddToCartTest" name="addtoCartTest" time="13.359"/>
</testsuite> <!-- com.mystore.testcases.AddToCartTest -->
