<?xml version="1.0" encoding="UTF-8"?>
<!-- Generated by org.testng.reporters.JUnitReportReporter -->
<testsuite hostname="Ganesh" failures="0" tests="2" name="com.mystore.testcases.IndexPageTest" time="13.338" errors="0" timestamp="2024-05-09T13:44:34 IST" skipped="0">
  <testcase classname="com.mystore.testcases.IndexPageTest" name="verifyTitle" time="6.810"/>
  <testcase classname="com.mystore.testcases.IndexPageTest" name="validateLogo" time="6.528"/>
</testsuite> <!-- com.mystore.testcases.IndexPageTest -->
