<?xml version="1.0" encoding="UTF-8"?>
<!-- Generated by org.testng.reporters.JUnitReportReporter -->
<testsuite hostname="Ganesh" failures="0" tests="1" name="com.mystore.testcases.OrderPageTest" time="17.134" errors="0" timestamp="2024-05-09T13:44:34 IST" skipped="0">
  <testcase classname="com.mystore.testcases.OrderPageTest" name="validatePrice" time="17.134"/>
</testsuite> <!-- com.mystore.testcases.OrderPageTest -->
