<?xml version="1.0" encoding="UTF-8"?>
<!-- Generated by org.testng.reporters.JUnitReportReporter -->
<testsuite hostname="Ganesh" failures="0" tests="1" name="com.mystore.utility.NewExcelLibrary" time="0.632" errors="0" timestamp="2024-05-08T10:40:49 IST" skipped="0">
  <testcase classname="com.mystore.utility.NewExcelLibrary" name="readData" time="0.632"/>
</testsuite> <!-- com.mystore.utility.NewExcelLibrary -->
